%このファイルは日本語文字を含みます.
\BOOKMARK [0][-]{chapter.1}{序論}{}% 1
\BOOKMARK [1][-]{section.1.1}{背景}{chapter.1}% 2
\BOOKMARK [1][-]{section.1.2}{目的}{chapter.1}% 3
\BOOKMARK [1][-]{section.1.3}{先行研究}{chapter.1}% 4
\BOOKMARK [1][-]{section.1.4}{論文の構成}{chapter.1}% 5
\BOOKMARK [0][-]{chapter.2}{要素技術}{}% 6
\BOOKMARK [1][-]{section.2.1}{2D LiDAR}{chapter.2}% 7
\BOOKMARK [1][-]{section.2.2}{Rviz}{chapter.2}% 8
\BOOKMARK [0][-]{chapter.3}{雨天時の2D LiDARデータの追加取得}{}% 9
\BOOKMARK [1][-]{section.3.1}{実験目的}{chapter.3}% 10
\BOOKMARK [1][-]{section.3.2}{実験装置}{chapter.3}% 11
\BOOKMARK [1][-]{section.3.3}{実験方法}{chapter.3}% 12
\BOOKMARK [1][-]{section.3.4}{実験結果}{chapter.3}% 13
\BOOKMARK [0][-]{chapter.4}{検出された雨粒の時間間隔のモデル化}{}% 14
\BOOKMARK [1][-]{section.4.1}{ガンマ分布}{chapter.4}% 15
\BOOKMARK [2][-]{subsection.4.1.1}{基本的性質}{section.4.1}% 16
\BOOKMARK [1][-]{section.4.2}{検出された雨粒の時間間隔の分布}{chapter.4}% 17
\BOOKMARK [1][-]{section.4.3}{モデル化}{chapter.4}% 18
\BOOKMARK [0][-]{chapter.5}{雨天シミュレータの開発}{}% 19
\BOOKMARK [1][-]{section.5.1}{シミュレータ環境}{chapter.5}% 20
\BOOKMARK [1][-]{section.5.2}{シミュレーション結果}{chapter.5}% 21
\BOOKMARK [0][-]{chapter.6}{結論}{}% 22
\BOOKMARK [1][-]{section.6.1}{まとめ}{chapter.6}% 23
\BOOKMARK [1][-]{section.6.2}{今後}{chapter.6}% 24
\BOOKMARK [0][-]{chapter*.6}{参考文献}{}% 25
\BOOKMARK [0][-]{chapter*.7}{付録}{}% 26
\BOOKMARK [0][-]{chapter*.8}{謝辞}{}% 27
